Route hit: admin/membre
Route hit: admin/membre
Route hit: admin/membre
Route hit: admin/membre
Route hit: profile
Route hit: admin/membre
Route hit: admin/membre
Route hit: admin/membre
Route hit: admin/membre
Route hit: admin/membre
Route hit: admin/membre
Route hit: admin/membre
Route hit: admin/membre
Route hit: admin/membre
Route hit: admin/membre
Route hit: admin/membre
Route hit: profile
Route hit: accueil
Route hit: accueil
Route hit: admin/membre
Route hit: aide
Route hit: logout
Route hit: accueil
Route hit: Connection
Route hit: Connection
Route hit: accueil
Route hit: admin/membre
Route hit: admin/membre
Route hit: accueil
